  Board.cpp
C:\Users\nrnolasc\Documents\Education\UCSC\First Year\Fall\GPM 230\Class Work\PacMan\MyUI.h(36,25): warning C4244: 'argument': conversion from 'float' to 'unsigned int', possible loss of data
  Ghost.cpp
C:\Users\nrnolasc\Documents\Education\UCSC\First Year\Fall\GPM 230\Class Work\PacMan\MyUI.h(36,25): warning C4244: 'argument': conversion from 'float' to 'unsigned int', possible loss of data
C:\Users\nrnolasc\Documents\Education\UCSC\First Year\Fall\GPM 230\Class Work\PacMan\Ghost.cpp(207,36): warning C4244: '=': conversion from 'float' to 'int', possible loss of data
C:\Users\nrnolasc\Documents\Education\UCSC\First Year\Fall\GPM 230\Class Work\PacMan\Ghost.cpp(208,36): warning C4244: '=': conversion from 'float' to 'int', possible loss of data
C:\Users\nrnolasc\Documents\Education\UCSC\First Year\Fall\GPM 230\Class Work\PacMan\Ghost.cpp(224,25): warning C4244: 'initializing': conversion from 'double' to 'float', possible loss of data
  Main.cpp
C:\Users\nrnolasc\Documents\Education\UCSC\First Year\Fall\GPM 230\Class Work\PacMan\MyUI.h(36,25): warning C4244: 'argument': conversion from 'float' to 'unsigned int', possible loss of data
C:\Users\nrnolasc\Documents\Education\UCSC\First Year\Fall\GPM 230\Class Work\PacMan\Main.cpp(15,44): warning C4305: 'argument': truncation from 'double' to 'T'
          with
          [
              T=float
          ]
C:\Users\nrnolasc\Documents\Education\UCSC\First Year\Fall\GPM 230\Class Work\PacMan\Main.cpp(32,44): warning C4305: 'argument': truncation from 'double' to 'T'
          with
          [
              T=float
          ]
C:\Users\nrnolasc\Documents\Education\UCSC\First Year\Fall\GPM 230\Class Work\PacMan\Main.cpp(37,44): warning C4305: 'argument': truncation from 'double' to 'T'
          with
          [
              T=float
          ]
  Pacman.cpp
C:\Users\nrnolasc\Documents\Education\UCSC\First Year\Fall\GPM 230\Class Work\PacMan\MyUI.h(36,25): warning C4244: 'argument': conversion from 'float' to 'unsigned int', possible loss of data
C:\Users\nrnolasc\Documents\Education\UCSC\First Year\Fall\GPM 230\Class Work\PacMan\Pacman.cpp(46,65): warning C4244: 'argument': conversion from 'T' to 'T', possible loss of data
          with
          [
              T=int
          ]
          and
          [
              T=float
          ]
C:\Users\nrnolasc\Documents\Education\UCSC\First Year\Fall\GPM 230\Class Work\PacMan\Pacman.cpp(46,37): warning C4244: 'argument': conversion from 'T' to 'T', possible loss of data
          with
          [
              T=int
          ]
          and
          [
              T=float
          ]
C:\Users\nrnolasc\Documents\Education\UCSC\First Year\Fall\GPM 230\Class Work\PacMan\Pacman.cpp(52,66): warning C4244: 'argument': conversion from 'T' to 'int', possible loss of data
          with
          [
              T=float
          ]
C:\Users\nrnolasc\Documents\Education\UCSC\First Year\Fall\GPM 230\Class Work\PacMan\Pacman.cpp(52,50): warning C4244: 'argument': conversion from 'T' to 'int', possible loss of data
          with
          [
              T=float
          ]
  Generating code
  1 of 778 functions ( 0.1%) were compiled, the rest were copied from previous compilation.
    0 functions were new in current compilation
    0 functions had inline decision re-evaluated but remain unchanged
  Finished generating code
  PacMan.vcxproj -> C:\Users\nrnolasc\Documents\Education\UCSC\First Year\Fall\GPM 230\Class Work\PacMan\x64\Release\PacMan.exe
